<?xml version="1.0" encoding="UTF-8"?>
<coverage generated="1701361691593" clover="3.2.0">
  <project timestamp="1701361691593" name="All files">
    <metrics statements="10" coveredstatements="10" conditionals="6" coveredconditionals="5" methods="4" coveredmethods="4" elements="20" coveredelements="19" complexity="0" loc="10" ncloc="10" packages="1" files="3" classes="3"/>
    <file name="index.ts" path="/Users/kevin/code/fwt/node-ts-dec-2023/09-testing/index.ts">
      <metrics statements="4" coveredstatements="4" conditionals="2" coveredconditionals="2" methods="1" coveredmethods="1"/>
      <line num="4" count="4" type="cond" truecount="2" falsecount="0"/>
      <line num="5" count="3" type="stmt"/>
      <line num="7" count="1" type="stmt"/>
      <line num="30" count="1" type="stmt"/>
    </file>
    <file name="req-promise.ts" path="/Users/kevin/code/fwt/node-ts-dec-2023/09-testing/req-promise.ts">
      <metrics statements="3" coveredstatements="3" conditionals="2" coveredconditionals="1" methods="1" coveredmethods="1"/>
      <line num="4" count="2" type="stmt"/>
      <line num="5" count="1" type="cond" truecount="1" falsecount="1"/>
      <line num="6" count="1" type="stmt"/>
    </file>
    <file name="req.ts" path="/Users/kevin/code/fwt/node-ts-dec-2023/09-testing/req.ts">
      <metrics statements="3" coveredstatements="3" conditionals="2" coveredconditionals="2" methods="2" coveredmethods="2"/>
      <line num="5" count="2" type="stmt"/>
      <line num="6" count="2" type="cond" truecount="2" falsecount="0"/>
      <line num="7" count="1" type="stmt"/>
    </file>
  </project>
</coverage>
