{"/Users/kevin/code/fwt/node-ts-dec-2023/09-testing/index.ts": {"path":"/Users/kevin/code/fwt/node-ts-dec-2023/09-testing/index.ts","statementMap":{"0":{"start":{"line":4,"column":2},"end":{"line":6,"column":3}},"1":{"start":{"line":5,"column":4},"end":{"line":5,"column":39}},"2":{"start":{"line":7,"column":2},"end":{"line":7,"column":25}},"3":{"start":{"line":30,"column":17},"end":{"line":30,"column":35}}},"fnMap":{"0":{"name":"greet","decl":{"start":{"line":3,"column":16},"end":{"line":3,"column":21}},"loc":{"start":{"line":3,"column":36},"end":{"line":8,"column":1}},"line":3}},"branchMap":{"0":{"loc":{"start":{"line":4,"column":2},"end":{"line":6,"column":3}},"type":"if","locations":[{"start":{"line":4,"column":2},"end":{"line":6,"column":3}},{"start":{},"end":{}}],"line":4}},"s":{"0":4,"1":3,"2":1,"3":1},"f":{"0":4},"b":{"0":[3,1]},"_coverageSchema":"1a1c01bbd47fc00a2c39e90264f33305004495a9","hash":"34b9b3de33aee14519bc786c41d3a0e71c784422"}
,"/Users/kevin/code/fwt/node-ts-dec-2023/09-testing/req-promise.ts": {"path":"/Users/kevin/code/fwt/node-ts-dec-2023/09-testing/req-promise.ts","statementMap":{"0":{"start":{"line":4,"column":2},"end":{"line":4,"column":24}},"1":{"start":{"line":5,"column":2},"end":{"line":5,"column":63}},"2":{"start":{"line":5,"column":34},"end":{"line":5,"column":63}},"3":{"start":{"line":6,"column":2},"end":{"line":6,"column":34}}},"fnMap":{"0":{"name":"fakeFetch","decl":{"start":{"line":3,"column":22},"end":{"line":3,"column":31}},"loc":{"start":{"line":3,"column":45},"end":{"line":7,"column":1}},"line":3}},"branchMap":{"0":{"loc":{"start":{"line":5,"column":2},"end":{"line":5,"column":63}},"type":"if","locations":[{"start":{"line":5,"column":2},"end":{"line":5,"column":63}},{"start":{},"end":{}}],"line":5}},"s":{"0":2,"1":1,"2":0,"3":1},"f":{"0":2},"b":{"0":[0,1]},"_coverageSchema":"1a1c01bbd47fc00a2c39e90264f33305004495a9","hash":"a0f3fc8e7eb47d805c60f9d4dd34e5f1d1aac9be"}
,"/Users/kevin/code/fwt/node-ts-dec-2023/09-testing/req.ts": {"path":"/Users/kevin/code/fwt/node-ts-dec-2023/09-testing/req.ts","statementMap":{"0":{"start":{"line":5,"column":2},"end":{"line":8,"column":10}},"1":{"start":{"line":6,"column":4},"end":{"line":7,"column":44}},"2":{"start":{"line":6,"column":36},"end":{"line":6,"column":63}},"3":{"start":{"line":7,"column":9},"end":{"line":7,"column":44}}},"fnMap":{"0":{"name":"request","decl":{"start":{"line":1,"column":16},"end":{"line":1,"column":23}},"loc":{"start":{"line":4,"column":2},"end":{"line":9,"column":1}},"line":4},"1":{"name":"(anonymous_1)","decl":{"start":{"line":5,"column":13},"end":{"line":5,"column":14}},"loc":{"start":{"line":5,"column":19},"end":{"line":8,"column":3}},"line":5}},"branchMap":{"0":{"loc":{"start":{"line":6,"column":4},"end":{"line":7,"column":44}},"type":"if","locations":[{"start":{"line":6,"column":4},"end":{"line":7,"column":44}},{"start":{"line":7,"column":9},"end":{"line":7,"column":44}}],"line":6}},"s":{"0":2,"1":2,"2":1,"3":1},"f":{"0":2,"1":2},"b":{"0":[1,1]},"_coverageSchema":"1a1c01bbd47fc00a2c39e90264f33305004495a9","hash":"112ca3ea75c4eb57b8c108411e107e4c4675bde4"}
}
